<?xml version="1.0" encoding="UTF-8"?>
<Site BuildName="(empty)"
	BuildStamp="20240708-0637-Experimental"
	Name="tarsgo"
	Generator="ctest-3.26.0"
	CompilerName="/usr/bin/c++"
	CompilerVersion="11.4.0"
	OSName="Linux"
	Hostname="tarsgo"
	OSRelease="6.5.0-41-generic"
	OSVersion="#41~22.04.2-Ubuntu SMP PREEMPT_DYNAMIC Mon Jun  3 11:32:55 UTC 2"
	OSPlatform="x86_64"
	Is64Bits="1"
	VendorString="GenuineIntel"
	VendorID="Intel Corporation"
	FamilyID="6"
	ModelID="154"
	ProcessorCacheSize="18432"
	NumberOfLogicalCPU="16"
	NumberOfPhysicalCPU="12"
	TotalVirtualMemory="2047"
	TotalPhysicalMemory="15560"
	LogicalProcessorsPerPhysical="1"
	ProcessorClockFrequency="2583.93"
	>
	<Testing>
		<StartDateTime>Jul 08 14:37 CST</StartDateTime>
		<StartTestTime>1720420671</StartTestTime>
		<TestList/>
		<EndDateTime>Jul 08 14:37 CST</EndDateTime>
		<EndTestTime>1720420671</EndTestTime>
		<ElapsedMinutes>0</ElapsedMinutes>
	</Testing>
</Site>
